{
  "summary": {
    "total": 8,
    "passed": 2,
    "failed": 6,
    "successRate": "25.0%",
    "duration": "10.3s"
  },
  "tests": [
    {
      "name": "File Integrity Check",
      "status": "passed",
      "duration": 3,
      "error": null
    },
    {
      "name": "Database Enhancement SQL Check",
      "status": "passed",
      "duration": 0,
      "error": null
    },
    {
      "name": "TypeScript Component Integration",
      "status": "failed",
      "duration": 9846,
      "error": "TypeScript errors in enhanced sync components:\napp/api/auth/register/route.ts(19,23): error TS7053: Element implicitly has an 'any' type because expression of type 'any' can't be used to index type 'Record<\"admin\" | \"manager\" | \"viewer\", string[]>'.\r\napp/api/debug-db/route.ts(29,9): error TS2322: Type 'string | null' is not assignable to type 'null'.\r\napp/api/debug-db/route.ts(33,7): error TS2322: Type 'string' is not assignable to type 'null'.\r\napp/api/debug-sync-status/route.ts(49,11): error TS2322: Type '{ sku: string; name: string; stock: number; }[]' is not assignable to type 'never[]'.\r\napp/api/debug-sync-status/route.ts(57,11): error TS2322: Type '{ id: any; name: any; }[]' is not assignable to type 'never[]'.\r\napp/api/debug-sync-status/route.ts(97,36): error TS2367: This comparison appears to be unintentional because the types '{ count: number; }[] | null' and 'number' have no overlap.\r\napp/api/debug-sync-status/route.ts(98,36): error TS2367: This comparison appears to be unintentional because the types '{ count: number; }[] | null' and 'number' have no overlap.\r\napp/api/debug-sync-status/route.ts(99,78): error TS2367: This comparison appears to be unintentional because the types '{ count: number; }[] | null' and 'number' have no overlap.\r\napp/api/finale-debug-v2/route.ts(115,18): error TS18046: 'error' is of type 'unknown'.\r\napp/api/finale-debug-v2/route.ts(211,18): error TS18046: 'error' is of type 'unknown'.\r\napp/api/finale-debug-v2/route.ts(274,14): error TS18046: 'error' is of type 'unknown'.\r\napp/api/finale-verify/route.ts(39,61): error TS2353: Object literal may only specify known properties, and 'limit' does not exist in type '{ filterYear?: number | undefined; }'.\r\napp/api/fix-account-path/route.ts(40,46): error TS7006: Parameter 'p' implicitly has an 'any' type.\r\napp/api/inventory/[id]/cost/route.ts(3,10): error TS2724: '\"@/app/lib/data-access\"' has no exported member named 'updateInventoryCost'. Did you mean 'updateInventoryItem'?\r\napp/api/inventory/[id]/stock/route.ts(3,10): error TS2724: '\"@/app/lib/data-access\"' has no exported member named 'updateInventoryStock'. Did you mean 'updateInventoryItem'?\r\napp/api/inventory/summary/route.ts(15,33): error TS2551: Property 'out_of_stock_count' does not exist on type '{ total_items: number; out_of_stock: number; low_stock: number; total_value: number; total_inventory_value: number; }'. Did you mean 'out_of_stock'?\r\napp/api/inventory/summary/route.ts(16,30): error TS2339: Property 'low_stock_count' does not exist on type '{ total_items: number; out_of_stock: number; low_stock: number; total_value: number; total_inventory_value: number; }'.\r\napp/api/inventory/summary/route.ts(17,37): error TS2339: Property 'critical_reorder_count' does not exist on type '{ total_items: number; out_of_stock: number; low_stock: number; total_value: number; total_inventory_value: number; }'.\r\napp/api/inventory/summary/route.ts(18,32): error TS2339: Property 'overstocked_count' does not exist on type '{ total_items: number; out_of_stock: number; low_stock: number; total_value: number; total_inventory_value: number; }'.\r\napp/api/settings/route.ts(4,3): error TS2305: Module '\"@/app/lib/data-access\"' has no exported member 'getSettings'.\r\napp/api/settings/route.ts(5,3): error TS2305: Module '\"@/app/lib/data-access\"' has no exported member 'upsertSettings'.\r\napp/api/settings/route.ts(6,3): error TS2305: Module '\"@/app/lib/data-access\"' has no exported member 'getFinaleConfig'.\r\napp/api/settings/route.ts(7,3): error TS2305: Module '\"@/app/lib/data-access\"' has no exported member 'getEmailConfig'.\r\napp/api/sync-finale-smart/route.ts(119,28): error TS18048: 'options.priorityThreshold' is possibly 'undefined'.\r\napp/api/sync-finale/schedule/route.ts(73,7): error TS7053: Element implicitly has an 'any' type because expression of type 'string' can't be used to index type '{}'.\r\napp/api/sync-finale/schedule/route.ts(106,33): error TS7053: Element implicitly has an 'any' type because expression of type 'any' can't be used to index type '{ critical: { interval: number; cron: string; description: string; strategy: string; }; inventory: { interval: number; cron: string; description: string; strategy: string; }; smart: { interval: number; cron: string; description: string; strategy: string; }; daily: { ...; }; weekly: { ...; }; }'.\r\napp/api/sync-finale/schedule/route.ts(115,17): error TS7053: Element implicitly has an 'any' type because expression of type 'any' can't be used to index type '{ critical: { interval: number; cron: string; description: string; strategy: string; }; inventory: { interval: number; cron: string; description: string; strategy: string; }; smart: { interval: number; cron: string; description: string; strategy: string; }; daily: { ...; }; weekly: { ...; }; }'.\r\napp/api/sync-status-monitor/route.ts(3,3): error TS2305: Module '\"@/app/lib/data-access\"' has no exported member 'getRunningSyncLog'.\r\napp/api/sync-status-monitor/route.ts(4,3): error TS2305: Module '\"@/app/lib/data-access\"' has no exported member 'markStuckSyncsAsFailed'.\r\napp/api/sync-status-monitor/route.ts(5,3): error TS2305: Module '\"@/app/lib/data-access\"' has no exported member 'getRecentSyncLogs'.\r\napp/api/sync-status-monitor/route.ts(6,3): error TS2305: Module '\"@/app/lib/data-access\"' has no exported member 'getSyncStats'.\r\napp/api/test-inventory-endpoint/route.ts(35,11): error TS7034: Variable 'sampleKeys' implicitly has type 'any[]' in some locations where its type cannot be determined.\r\napp/api/test-inventory-endpoint/route.ts(51,9): error TS7005: Variable 'sampleKeys' implicitly has an 'any[]' type.\r\napp/components/EnhancedSyncManager.tsx(2,75): error TS2307: Cannot find module '@/app/components/ui/card' or its corresponding type declarations.\r\napp/components/EnhancedSyncManager.tsx(3,24): error TS2307: Cannot find module '@/app/components/ui/button' or its corresponding type declarations.\r\napp/components/EnhancedSyncManager.tsx(4,23): error TS2307: Cannot find module '@/app/components/ui/badge' or its corresponding type declarations.\r\napp/components/EnhancedSyncManager.tsx(5,26): error TS2307: Cannot find module '@/app/components/ui/progress' or its corresponding type declarations.\r\napp/components/FinaleSyncManager.tsx(58,11): error TS2322: Type 'null' is not assignable to type 'string | undefined'.\r\napp/components/FinaleSyncManager.tsx(154,15): error TS2353: Object literal may only specify known properties, and 'message' does not exist in type 'SyncResult | ((prevState: SyncResult | null) => SyncResult | null)'.\r\napp/components/inventory/InventoryTable.tsx(238,17): error TS2322: Type '{ text: string; color: string; }' is not assignable to type 'ReactNode'.\r\napp/components/inventory/InventoryTable.tsx(238,40): error TS2345: Argument of type 'string | undefined' is not assignable to parameter of type 'InventoryItem'.\r\napp/components/inventory/InventoryTable.tsx(283,49): error TS2345: Argument of type 'number' is not assignable to parameter of type 'InventoryItem'.\r\napp/components/inventory/VirtualInventoryTable.tsx(290,25): error TS2322: Type '{ text: string; color: string; }' is not assignable to type 'ReactNode'.\r\napp/components/inventory/VirtualInventoryTable.tsx(290,48): error TS2345: Argument of type 'string | undefined' is not assignable to parameter of type 'InventoryItem'.\r\napp/components/inventory/VirtualInventoryTable.tsx(336,57): error TS2345: Argument of type 'number' is not assignable to parameter of type 'InventoryItem'.\r\napp/hooks/useInventory.ts(10,3): error TS2724: '\"@/app/lib/data-access\"' has no exported member named 'updateInventoryStock'. Did you mean 'updateInventoryItem'?\r\napp/hooks/useInventory.ts(11,3): error TS2724: '\"@/app/lib/data-access\"' has no exported member named 'updateInventoryCost'. Did you mean 'updateInventoryItem'?\r\napp/hooks/useInventory.ts(60,18): error TS2345: Argument of type '{ total_items: number; out_of_stock: number; low_stock: number; total_value: number; total_inventory_value: number; }' is not assignable to parameter of type 'SetStateAction<InventorySummary | null>'.\r\napp/hooks/useSettings.ts(7,3): error TS2305: Module '\"@/app/lib/data-access\"' has no exported member 'getSettings'.\r\napp/hooks/useSettings.ts(8,3): error TS2305: Module '\"@/app/lib/data-access\"' has no exported member 'upsertSettings'.\r\napp/hooks/useSettings.ts(9,3): error TS2305: Module '\"@/app/lib/data-access\"' has no exported member 'getFinaleConfig'.\r\napp/hooks/useSettings.ts(10,3): error TS2305: Module '\"@/app/lib/data-access\"' has no exported member 'setSyncEnabled'.\r\napp/hooks/useSettings.ts(11,3): error TS2305: Module '\"@/app/lib/data-access\"' has no exported member 'Settings'.\r\napp/hooks/useSync.ts(7,3): error TS2305: Module '\"@/app/lib/data-access\"' has no exported member 'getRunningSyncLog'.\r\napp/hooks/useSync.ts(8,3): error TS2305: Module '\"@/app/lib/data-access\"' has no exported member 'getRecentSyncLogs'.\r\napp/hooks/useSync.ts(9,3): error TS2305: Module '\"@/app/lib/data-access\"' has no exported member 'getSyncStats'.\r\napp/hooks/useSync.ts(10,3): error TS2305: Module '\"@/app/lib/data-access\"' has no exported member 'isAnySyncRunning'.\r\napp/hooks/useSync.ts(11,3): error TS2305: Module '\"@/app/lib/data-access\"' has no exported member 'SyncLog'.\r\napp/hooks/useSync.ts(222,42): error TS7006: Parameter 'log' implicitly has an 'any' type.\r\napp/inventory/page-optimized.tsx(54,7): error TS2322: Type 'number | unique symbol | \"length\" | \"toString\" | \"concat\" | \"slice\" | \"indexOf\" | \"lastIndexOf\" | \"includes\" | \"at\" | \"search\" | \"charAt\" | \"charCodeAt\" | \"localeCompare\" | \"match\" | ... 37 more ... | \"toWellFormed\"' is not assignable to type 'keyof InventoryItem'.\r\napp/inventory/page-optimized.tsx(55,18): error TS2367: This comparison appears to be unintentional because the types 'keyof InventoryItem' and 'number | unique symbol | \"length\" | \"toString\" | \"concat\" | \"slice\" | \"indexOf\" | \"lastIndexOf\" | \"includes\" | \"at\" | \"search\" | \"charAt\" | \"charCodeAt\" | \"localeCompare\" | \"match\" | ... 37 more ... | \"toWellFormed\"' have no overlap.\r\napp/inventory/page-optimized.tsx(176,11): error TS2322: Type '(key: number | unique symbol | \"length\" | \"toString\" | \"concat\" | \"slice\" | \"indexOf\" | \"lastIndexOf\" | \"includes\" | \"at\" | \"search\" | \"charAt\" | \"charCodeAt\" | \"localeCompare\" | ... 38 more ... | \"toWellFormed\") => void' is not assignable to type '(key: keyof InventoryItem) => void'.\r\napp/inventory/page.tsx(221,92): error TS2345: Argument of type 'SortConfig' is not assignable to parameter of type 'SortConfig'.\r\napp/inventory/page.tsx(272,49): error TS7006: Parameter 'item' implicitly has an 'any' type.\r\napp/inventory/page.tsx(276,44): error TS7006: Parameter 'item' implicitly has an 'any' type.\r\napp/inventory/page.tsx(279,46): error TS7006: Parameter 'item' implicitly has an 'any' type.\r\napp/inventory/page.tsx(422,10): error TS2322: Type '{ children: string; className: string; \"data-testid\": string; role: \"heading\"; \"aria-level\": string; }' is not assignable to type 'DetailedHTMLProps<HTMLAttributes<HTMLHeadingElement>, HTMLHeadingElement>'.\r\napp/lib/api-handler.ts(298,46): error TS2345: Argument of type 'URLSearchParams | undefined' is not assignable to parameter of type 'URLSearchParams'.\r\napp/lib/api-handler.ts(302,7): error TS18048: 'query' is possibly 'undefined'.\r\napp/lib/auth.ts(164,43): error TS2339: Property 'user' does not exist on type 'NextResponse<unknown> | AuthResult'.\r\napp/lib/data-access.ts(54,60): error TS2339: Property 'raw' does not exist on type 'PostgrestFilterBuilder<any, any, any[], \"inventory_items\", unknown>'.\r\napp/lib/finale-api-consolidated.ts(74,33): error TS2551: Property 'getInventoryData' does not exist on type 'FinaleSessionApiService'. Did you mean 'getInventory'?\r\napp/lib/finale-api-consolidated.ts(93,31): error TS2339: Property 'getVendors' does not exist on type 'FinaleApiService | FinaleSessionApiService | OptimizedFinaleSync'.\r\napp/lib/finale-api-consolidated.ts(198,10): error TS1205: Re-exporting a type when 'isolatedModules' is enabled requires using 'export type'.\r\napp/lib/finale-api-optimized.ts(115,16): error TS18046: 'error' is of type 'unknown'.\r\napp/lib/finale-api-optimized.ts(189,33): error TS2551: Property 'getProducts' does not exist on type 'OptimizedFinaleSync'. Did you mean 'getAllProducts'?\r\napp/lib/finale-api-optimized.ts(190,44): error TS7006: Parameter 'p' implicitly has an 'any' type.\r\napp/lib/finale-api-optimized.ts(195,34): error TS2339: Property 'getInventoryItems' does not exist on type 'OptimizedFinaleSync'.\r\napp/lib/finale-api-optimized.ts(225,33): error TS2551: Property 'getProducts' does not exist on type 'OptimizedFinaleSync'. Did you mean 'getAllProducts'?\r\napp/lib/finale-api-optimized.ts(227,44): error TS7006: Parameter 'p' implicitly has an 'any' type.\r\napp/lib/finale-api.ts(232,41): error TS2769: No overload matches this call.\r\napp/lib/finale-api.ts(843,15): error TS2339: Property 'statusId' does not exist on type 'FinaleProduct'.\r\napp/lib/finale-api.ts(844,15): error TS2339: Property 'discontinued' does not exist on type 'FinaleProduct'.\r\napp/lib/finale-api.ts(845,15): error TS2339: Property 'active' does not exist on type 'FinaleProduct'.\r\napp/lib/finale-reporting.ts(158,12): error TS7006: Parameter 'a' implicitly has an 'any' type.\r\napp/lib/finale-reporting.ts(158,15): error TS7006: Parameter 'b' implicitly has an 'any' type.\r\napp/lib/finale-reporting.ts(163,21): error TS7006: Parameter 'i' implicitly has an 'any' type.\r\napp/lib/finale-reporting.ts(164,23): error TS7006: Parameter 'i' implicitly has an 'any' type.\r\napp/lib/finale-reporting.ts(177,24): error TS2304: Cannot find name 'getFinaleConfig'.\r\napp/lib/finale-reporting.ts(187,46): error TS7006: Parameter 'item' implicitly has an 'any' type.\r\napp/lib/real-time-monitor.ts(368,25): error TS2339: Property 'sendAlert' does not exist on type 'EmailAlertService'.\r\napp/lib/sync-scheduler.ts(8,10): error TS2305: Module '\"./change-detection\"' has no exported member 'detectInventoryChanges'.\r\napp/lib/sync-scheduler.ts(137,50): error TS2367: This comparison appears to be unintentional because the types '\"critical\" | \"high\"' and '\"medium\"' have no overlap.\r\napp/lib/sync-service.ts(9,3): error TS2305: Module '\"./data-access\"' has no exported member 'createSyncLog'.\r\napp/lib/sync-service.ts(10,3): error TS2305: Module '\"./data-access\"' has no exported member 'completeSyncLog'.\r\napp/lib/sync-service.ts(11,3): error TS2305: Module '\"./data-access\"' has no exported member 'failSyncLog'.\r\napp/lib/sync-service.ts(12,3): error TS2305: Module '\"./data-access\"' has no exported member 'isAnySyncRunning'.\r\napp/lib/sync-service.ts(13,3): error TS2305: Module '\"./data-access\"' has no exported member 'markStuckSyncsAsFailed'.\r\napp/lib/sync-service.ts(14,3): error TS2305: Module '\"./data-access\"' has no exported member 'getLastSuccessfulSync'.\r\napp/lib/sync-service.ts(18,3): error TS2305: Module '\"./data-access\"' has no exported member 'syncVendorFromFinale'.\r\napp/lib/sync-service.ts(101,43): error TS2345: Argument of type '\"started\"' is not assignable to parameter of type '\"success\" | \"failed\" | \"retry\"'.\r\napp/lib/validation/finale-credentials.ts(74,22): error TS18048: 'credentials.finale_api_key' is possibly 'undefined'.\r\napp/lib/validation/finale-credentials.ts(87,25): error TS18048: 'credentials.finale_api_secret' is possibly 'undefined'.\r\napp/test-sync/page.tsx(71,27): error TS7006: Parameter 'prev' implicitly has an 'any' type.\r\napp/vendors/page.tsx(210,65): error TS2322: Type '{ className: string; title: string; }' is not assignable to type 'IntrinsicAttributes & LucideProps'.\r\napp/vendors/page.tsx(212,67): error TS2322: Type '{ className: string; title: string; }' is not assignable to type 'IntrinsicAttributes & LucideProps'.\r\nexamples/context7-nextjs-auth.ts(56,14): error TS2352: Conversion of type 'import(\"/mnt/c/Users/BuildASoil/inventory-po-manager/node_modules/jose/dist/types/types\").JWTPayload' to type 'JWTPayload' may be a mistake because neither type sufficiently overlaps with the other. If this was intentional, convert the expression to 'unknown' first.\r\nexamples/context7-nextjs-auth.ts(179,23): error TS2300: Duplicate identifier 'GET'.\r\nexamples/context7-nextjs-auth.ts(213,3): error TS1241: Unable to resolve signature of method decorator when called as an expression.\r\nexamples/context7-nextjs-auth.ts(220,14): error TS2300: Duplicate identifier 'GET'.\r\nexamples/context7-react-performance.tsx(22,26): error TS7016: Could not find a declaration file for module 'lodash'. '/mnt/c/Users/BuildASoil/inventory-po-manager/node_modules/lodash/lodash.js' implicitly has an 'any' type.\r\nexamples/context7-react-performance.tsx(361,21): error TS2345: Argument of type '() => void' is not assignable to parameter of type 'SetStateAction<boolean>'.\r\nexamples/context7-react-performance.tsx(469,10): error TS2307: Cannot find module './HeavyProductAnalytics' or its corresponding type declarations.\r\nexamples/serena-filtering-analysis.ts(11,4): error TS2304: Cannot find name 'item'.\r\nexamples/serena-filtering-analysis.ts(11,25): error TS2304: Cannot find name 'item'.\r\nexamples/serena-filtering-analysis.ts(11,65): error TS2304: Cannot find name 'searchTerm'.\r\nexamples/serena-filtering-analysis.ts(12,3): error TS2304: Cannot find name 'item'.\r\nexamples/serena-filtering-analysis.ts(12,35): error TS2304: Cannot find name 'searchTerm'.\r\nexamples/serena-filtering-analysis.ts(13,4): error TS2304: Cannot find name 'item'.\r\nexamples/serena-filtering-analysis.ts(13,19): error TS2304: Cannot find name 'item'.\r\nexamples/serena-filtering-analysis.ts(13,54): error TS2304: Cannot find name 'searchTerm'.\r\nexamples/serena-filtering-analysis.ts(16,25): error TS2304: Cannot find name 'useMemo'.\r\nexamples/serena-filtering-analysis.ts(16,39): error TS2304: Cannot find name 'searchTerm'.\r\nexamples/serena-filtering-analysis.ts(16,66): error TS2304: Cannot find name 'searchTerm'.\r\nexamples/serena-filtering-analysis.ts(18,32): error TS2304: Cannot find name 'useMemo'.\r\nexamples/serena-filtering-analysis.ts(19,29): error TS2304: Cannot find name 'item'.\r\nexamples/serena-filtering-analysis.ts(19,50): error TS2304: Cannot find name 'item'.\r\nexamples/serena-filtering-analysis.ts(20,20): error TS2304: Cannot find name 'item'.\r\nexamples/serena-filtering-analysis.ts(21,23): error TS2304: Cannot find name 'item'.\r\nexamples/serena-filtering-analysis.ts(21,37): error TS2304: Cannot find name 'item'.\r\nexamples/serena-filtering-analysis.ts(26,5): error TS2304: Cannot find name 'item'.\r\nexamples/serena-filtering-analysis.ts(31,3): error TS2304: Cannot find name 'filterConfig'.\r\nexamples/serena-filtering-analysis.ts(32,4): error TS2304: Cannot find name 'filterConfig'.\r\nexamples/serena-filtering-analysis.ts(32,46): error TS2304: Cannot find name 'item'.\r\nexamples/serena-filtering-analysis.ts(33,4): error TS2304: Cannot find name 'filterConfig'.\r\nexamples/serena-filtering-analysis.ts(33,42): error TS2304: Cannot find name 'statusLevel'.\r\nexamples/serena-filtering-analysis.ts(39,20): error TS7006: Parameter 'item' implicitly has an 'any' type.\r\nexamples/serena-filtering-analysis.ts(40,16): error TS7006: Parameter 'item' implicitly has an 'any' type.\r\nexamples/serena-filtering-analysis.ts(40,22): error TS7006: Parameter 'statusLevel' implicitly has an 'any' type.\r\nexamples/serena-filtering-analysis.ts(41,17): error TS7006: Parameter 'item' implicitly has an 'any' type.\r\nexamples/serena-filtering-analysis.ts(41,23): error TS7006: Parameter 'statusLevel' implicitly has an 'any' type.\r\nexamples/serena-filtering-analysis.ts(42,16): error TS7006: Parameter 'item' implicitly has an 'any' type.\r\nexamples/serena-filtering-analysis.ts(42,22): error TS7006: Parameter 'statusLevel' implicitly has an 'any' type.\r\nexamples/serena-filtering-analysis.ts(43,19): error TS7006: Parameter 'item' implicitly has an 'any' type.\r\nexamples/serena-filtering-analysis.ts(43,25): error TS7006: Parameter 'statusLevel' implicitly has an 'any' type.\r\nexamples/serena-filtering-analysis.ts(44,16): error TS7006: Parameter 'item' implicitly has an 'any' type.\r\nexamples/serena-filtering-analysis.ts(47,32): error TS7053: Element implicitly has an 'any' type because expression of type 'any' can't be used to index type '{ readonly all: () => boolean; readonly 'out-of-stock': (item: any) => boolean; readonly critical: (item: any, statusLevel: any) => boolean; readonly 'low-stock': (item: any, statusLevel: any) => boolean; readonly adequate: (item: any, statusLevel: any) => boolean; readonly overstocked: (item: any, statusLevel: any)...'.\r\nexamples/serena-filtering-analysis.ts(47,48): error TS2304: Cannot find name 'filterConfig'.\r\nexamples/serena-filtering-analysis.ts(47,71): error TS2304: Cannot find name 'item'.\r\nexamples/serena-filtering-analysis.ts(47,77): error TS2304: Cannot find name 'statusLevel'.\r\nexamples/serena-filtering-analysis.ts(54,27): error TS2304: Cannot find name 'searchTerm'.\r\nexamples/serena-filtering-analysis.ts(56,20): error TS2304: Cannot find name 'allItems'.\r\nexamples/serena-filtering-analysis.ts(56,36): error TS7006: Parameter 'item' implicitly has an 'any' type.\r\nexamples/serena-filtering-analysis.ts(58,9): error TS2304: Cannot find name 'searchTerm'.\r\nexamples/serena-filtering-analysis.ts(71,9): error TS2304: Cannot find name 'filterConfig'.\r\nexamples/serena-filtering-analysis.ts(73,23): error TS7053: Element implicitly has an 'any' type because expression of type 'any' can't be used to index type '{ readonly all: () => boolean; readonly 'out-of-stock': (item: any) => boolean; readonly critical: (item: any, statusLevel: any) => boolean; readonly 'low-stock': (item: any, statusLevel: any) => boolean; readonly adequate: (item: any, statusLevel: any) => boolean; readonly overstocked: (item: any, statusLevel: any)...'.\r\nexamples/serena-filtering-analysis.ts(73,39): error TS2304: Cannot find name 'filterConfig'.\r\nexamples/serena-filtering-analysis.ts(89,7): error TS2304: Cannot find name 'sortConfig'.\r\nexamples/serena-filtering-analysis.ts(90,32): error TS2304: Cannot find name 'sortConfig'.\r\nexamples/serena-filtering-analysis.ts(93,20): error TS7006: Parameter 'a' implicitly has an 'any' type.\r\nexamples/serena-filtering-analysis.ts(93,23): error TS7006: Parameter 'b' implicitly has an 'any' type.\r\ntests/e2e/inventory-page-improved.spec.ts(107,14): error TS18047: 'content' is possibly 'null'.\r\ntests/e2e/inventory-page.spec.ts(228,14): error TS18047: 'textContent' is possibly 'null'.\r\ntests/e2e/inventory-self-healing-enhanced.spec.ts(15,43): error TS2339: Property 'locateWithFallback' does not exist on type 'SelfHealingPage'.\r\ntests/e2e/inventory-self-healing-enhanced.spec.ts(35,45): error TS2339: Property 'locateWithFallback' does not exist on type 'SelfHealingPage'.\r\ntests/e2e/inventory-self-healing-enhanced.spec.ts(55,25): error TS2339: Property 'fillWithRetry' does not exist on type 'SelfHealingPage'.\r\ntests/e2e/inventory-self-healing-enhanced.spec.ts(74,43): error TS2339: Property 'locateWithFallback' does not exist on type 'SelfHealingPage'.\r\ntests/e2e/inventory-self-healing-enhanced.spec.ts(87,44): error TS2339: Property 'locateWithFallback' does not exist on type 'SelfHealingPage'.\r\ntests/e2e/inventory-self-healing-enhanced.spec.ts(128,42): error TS2339: Property 'locateWithFallback' does not exist on type 'SelfHealingPage'.\r\ntests/e2e/inventory-self-healing-enhanced.spec.ts(140,47): error TS2339: Property 'locateWithFallback' does not exist on type 'SelfHealingPage'.\r\ntests/e2e/inventory-self-healing-enhanced.spec.ts(153,25): error TS2339: Property 'clickWithRetry' does not exist on type 'SelfHealingPage'.\r\ntests/e2e/inventory-self-healing-enhanced.spec.ts(181,47): error TS2339: Property 'locateWithFallback' does not exist on type 'SelfHealingPage'.\r\ntests/e2e/inventory-self-healing-enhanced.spec.ts(198,25): error TS2339: Property 'clickWithRetry' does not exist on type 'SelfHealingPage'.\r\ntests/e2e/inventory-self-healing-enhanced.spec.ts(204,25): error TS2339: Property 'clickWithRetry' does not exist on type 'SelfHealingPage'.\r\ntests/e2e/inventory-self-healing-enhanced.spec.ts(216,42): error TS2339: Property 'locateWithFallback' does not exist on type 'SelfHealingPage'.\r\ntests/e2e/inventory-self-healing-enhanced.spec.ts(230,44): error TS2339: Property 'locateWithFallback' does not exist on type 'SelfHealingPage'.\r\ntests/e2e/inventory-self-healing-enhanced.spec.ts(243,44): error TS2339: Property 'locateWithFallback' does not exist on type 'SelfHealingPage'.\r\ntests/e2e/inventory-self-healing-enhanced.spec.ts(257,27): error TS2339: Property 'clickWithRetry' does not exist on type 'SelfHealingPage'.\r\ntests/e2e/inventory-self-healing-enhanced.spec.ts(262,29): error TS2339: Property 'clickWithRetry' does not exist on type 'SelfHealingPage'.\r\ntests/e2e/inventory-self-healing.spec.ts(184,11): error TS7034: Variable 'consoleErrors' implicitly has type 'any[]' in some locations where its type cannot be determined.\r\ntests/e2e/inventory-self-healing.spec.ts(192,12): error TS7005: Variable 'consoleErrors' implicitly has an 'any[]' type.\r\ntests/e2e/settings-page-improved.spec.ts(32,36): error TS2345: Argument of type 'Locator' is not assignable to parameter of type 'string'.\r\ntests/e2e/settings-page-improved.spec.ts(37,36): error TS2345: Argument of type 'Locator' is not assignable to parameter of type 'string'.\r\ntests/e2e/settings-page-improved.spec.ts(42,36): error TS2345: Argument of type 'Locator' is not assignable to parameter of type 'string'.\r\ntests/e2e/settings-page-improved.spec.ts(80,69): error TS2339: Property 'method' does not exist on type 'Response'.\r\ntests/e2e/settings/settings-backend-final.spec.ts(45,82): error TS2339: Property 'method' does not exist on type 'Response'.\r\ntests/e2e/settings/settings-backend-final.spec.ts(93,57): error TS2339: Property 'method' does not exist on type 'Response'.\r\ntests/e2e/settings/settings-backend-final.spec.ts(167,57): error TS2339: Property 'method' does not exist on type 'Response'.\r\ntests/helpers/repair-strategies.ts(132,16): error TS18046: 'error' is of type 'unknown'.\r\ntests/helpers/repair-strategies.ts(205,16): error TS18046: 'error' is of type 'unknown'.\r\ntests/helpers/repair-strategies.ts(270,16): error TS18046: 'error' is of type 'unknown'.\r\ntests/helpers/repair-strategies.ts(322,16): error TS18046: 'error' is of type 'unknown'.\r\ntests/helpers/repair-strategies.ts(402,16): error TS18046: 'error' is of type 'unknown'.\r\ntests/helpers/test-monitor.ts(142,52): error TS2345: Argument of type 'string' is not assignable to parameter of type 'never'.\r\ntests/helpers/test-monitor.ts(143,31): error TS2345: Argument of type 'string' is not assignable to parameter of type 'never'.\r\ntests/helpers/test-monitor.ts(210,9): error TS18004: No value exists in scope for the shorthand property 'averageRunTime'. Either declare one or provide an initializer.\r\ntests/performance/filtering-benchmark.test.ts(117,11): error TS2345: Argument of type 'SortConfig' is not assignable to parameter of type 'SortConfig'.\r\ntests/performance/filtering-benchmark.test.ts(166,11): error TS2345: Argument of type 'SortConfig' is not assignable to parameter of type 'SortConfig'.\r\ntests/performance/filtering-benchmark.test.ts(189,13): error TS2322: Type 'string' is not assignable to type 'keyof InventoryItem'.\r\ntests/performance/filtering-benchmark.test.ts(207,11): error TS2345: Argument of type 'SortConfig' is not assignable to parameter of type 'SortConfig'.\r\ntests/performance/filtering-benchmark.test.ts(223,11): error TS2345: Argument of type 'SortConfig' is not assignable to parameter of type 'SortConfig'.\r\ntests/performance/filtering-benchmark.test.ts(271,11): error TS2345: Argument of type 'SortConfig' is not assignable to parameter of type 'SortConfig'.\r\ntests/performance/filtering-benchmark.test.ts(298,11): error TS2345: Argument of type 'SortConfig' is not assignable to parameter of type 'SortConfig'.\r"
    },
    {
      "name": "Enhanced Sync Health Check",
      "status": "failed",
      "duration": 373,
      "error": "fetch failed"
    },
    {
      "name": "Enhanced Sync Initialization",
      "status": "failed",
      "duration": 8,
      "error": "fetch failed"
    },
    {
      "name": "Smart Sync Execution",
      "status": "failed",
      "duration": 3,
      "error": "fetch failed"
    },
    {
      "name": "Intelligent Sync Execution",
      "status": "failed",
      "duration": 3,
      "error": "fetch failed"
    },
    {
      "name": "Sync Status Retrieval",
      "status": "failed",
      "duration": 2,
      "error": "fetch failed"
    }
  ],
  "timestamp": "2025-07-30T17:02:28.081Z"
}